<?xml version="1.0" encoding="UTF-8"?>
<testsuite name="au.com.dius.pactworkshop.provider.validateWithOAS" tests="1" skipped="0" failures="0" errors="0" timestamp="2022-08-05T09:32:03" hostname="MacBookGilevichKYu3.local" time="0.127">
  <properties/>
  <testcase name="validateWithOASTest()" classname="au.com.dius.pactworkshop.provider.validateWithOAS" time="0.127"/>
  <system-out><![CDATA[]]></system-out>
  <system-err><![CDATA[]]></system-err>
</testsuite>
