<?xml version="1.0" encoding="UTF-8"?>
<testsuite name="au.com.dius.pactworkshop.provider.ProductPactProviderTest" tests="6" skipped="0" failures="0" errors="0" timestamp="2022-08-05T09:32:02" hostname="MacBookGilevichKYu3.local" time="0.39">
  <properties/>
  <testcase name="Pact between FrontendApplication (0.0.1+44c5900) and ProductService - get all products" classname="au.com.dius.pactworkshop.provider.ProductPactProviderTest" time="0.218"/>
  <testcase name="Pact between FrontendApplication (0.0.1+44c5900) and ProductService - get product by ID 10 with no auth token" classname="au.com.dius.pactworkshop.provider.ProductPactProviderTest" time="0.078"/>
  <testcase name="Pact between FrontendApplication (0.0.1+44c5900) and ProductService - get product with ID 10" classname="au.com.dius.pactworkshop.provider.ProductPactProviderTest" time="0.032"/>
  <testcase name="Pact between FrontendApplication (0.0.1+44c5900) and ProductService - get product with ID 11" classname="au.com.dius.pactworkshop.provider.ProductPactProviderTest" time="0.011"/>
  <testcase name="Pact between FrontendApplication (0.0.1+44c5900) and ProductService - get all products" classname="au.com.dius.pactworkshop.provider.ProductPactProviderTest" time="0.027"/>
  <testcase name="Pact between FrontendApplication (0.0.1+44c5900) and ProductService - get all products with no auth token" classname="au.com.dius.pactworkshop.provider.ProductPactProviderTest" time="0.017"/>
  <system-out><![CDATA[2022-08-05 12:32:01.264  INFO 28719 --- [    Test worker] .b.t.c.SpringBootTestContextBootstrapper : Neither @ContextConfiguration nor @ContextHierarchy found for test class [au.com.dius.pactworkshop.provider.ProductPactProviderTest], using SpringBootContextLoader
2022-08-05 12:32:01.264  INFO 28719 --- [    Test worker] o.s.t.c.support.AbstractContextLoader    : Could not detect default resource locations for test class [au.com.dius.pactworkshop.provider.ProductPactProviderTest]: no resource found for suffixes {-context.xml, Context.groovy}.
2022-08-05 12:32:01.265  INFO 28719 --- [    Test worker] t.c.s.AnnotationConfigContextLoaderUtils : Could not detect default configuration classes for test class [au.com.dius.pactworkshop.provider.ProductPactProviderTest]: ProductPactProviderTest does not declare any static, non-private, non-final, nested classes annotated with @Configuration.
2022-08-05 12:32:01.268  INFO 28719 --- [    Test worker] .b.t.c.SpringBootTestContextBootstrapper : Found @SpringBootConfiguration au.com.dius.pactworkshop.provider.ProviderApplication for test class au.com.dius.pactworkshop.provider.ProductPactProviderTest
2022-08-05 12:32:01.270  INFO 28719 --- [    Test worker] .b.t.c.SpringBootTestContextBootstrapper : Loaded default TestExecutionListener class names from location [META-INF/spring.factories]: [org.springframework.boot.test.autoconfigure.restdocs.RestDocsTestExecutionListener, org.springframework.boot.test.autoconfigure.web.client.MockRestServiceServerResetTestExecutionListener, org.springframework.boot.test.autoconfigure.web.servlet.MockMvcPrintOnlyOnFailureTestExecutionListener, org.springframework.boot.test.autoconfigure.web.servlet.WebDriverTestExecutionListener, org.springframework.boot.test.autoconfigure.webservices.client.MockWebServiceServerTestExecutionListener, org.springframework.boot.test.mock.mockito.MockitoTestExecutionListener, org.springframework.boot.test.mock.mockito.ResetMocksTestExecutionListener, org.springframework.test.context.web.ServletTestExecutionListener, org.springframework.test.context.support.DirtiesContextBeforeModesTestExecutionListener, org.springframework.test.context.event.ApplicationEventsTestExecutionListener, org.springframework.test.context.support.DependencyInjectionTestExecutionListener, org.springframework.test.context.support.DirtiesContextTestExecutionListener, org.springframework.test.context.transaction.TransactionalTestExecutionListener, org.springframework.test.context.jdbc.SqlScriptsTestExecutionListener, org.springframework.test.context.event.EventPublishingTestExecutionListener]
2022-08-05 12:32:01.270  INFO 28719 --- [    Test worker] .b.t.c.SpringBootTestContextBootstrapper : Using TestExecutionListeners: [org.springframework.test.context.web.ServletTestExecutionListener@76603c44, org.springframework.test.context.support.DirtiesContextBeforeModesTestExecutionListener@398f6622, org.springframework.test.context.event.ApplicationEventsTestExecutionListener@18f6ee8d, org.springframework.boot.test.mock.mockito.MockitoTestExecutionListener@5a318745, org.springframework.boot.test.autoconfigure.SpringBootDependencyInjectionTestExecutionListener@2d44025b, org.springframework.test.context.support.DirtiesContextTestExecutionListener@6fb8cfa7, org.springframework.test.context.transaction.TransactionalTestExecutionListener@4015c65b, org.springframework.test.context.jdbc.SqlScriptsTestExecutionListener@16486ab3, org.springframework.test.context.event.EventPublishingTestExecutionListener@1b13e4fb, org.springframework.boot.test.autoconfigure.restdocs.RestDocsTestExecutionListener@327fd5c9, org.springframework.boot.test.autoconfigure.web.client.MockRestServiceServerResetTestExecutionListener@5cb6fac3, org.springframework.boot.test.autoconfigure.web.servlet.MockMvcPrintOnlyOnFailureTestExecutionListener@9fe1e14, org.springframework.boot.test.autoconfigure.web.servlet.WebDriverTestExecutionListener@d4e17ec, org.springframework.boot.test.autoconfigure.webservices.client.MockWebServiceServerTestExecutionListener@41d34a11, org.springframework.boot.test.mock.mockito.ResetMocksTestExecutionListener@2a58d00a]

  .   ____          _            __ _ _
 /\\ / ___'_ __ _ _(_)_ __  __ _ \ \ \ \
( ( )\___ | '_ | '_| | '_ \/ _` | \ \ \ \
 \\/  ___)| |_)| | | | | || (_| |  ) ) ) )
  '  |____| .__|_| |_|_| |_\__, | / / / /
 =========|_|==============|___/=/_/_/_/
 :: Spring Boot ::                (v2.7.1)

2022-08-05 12:32:02.178  INFO 28719 --- [    Test worker] a.c.d.p.p.ProductPactProviderTest        : Starting ProductPactProviderTest using Java 16 on MacBookGilevichKYu3.local with PID 28719 (started by gilevickirill in /Users/gilevickirill/Projects/provider-workshop-jvm-spring)
2022-08-05 12:32:02.178  INFO 28719 --- [    Test worker] a.c.d.p.p.ProductPactProviderTest        : No active profile set, falling back to 1 default profile: "default"
2022-08-05 12:32:02.293  INFO 28719 --- [    Test worker] .s.d.r.c.RepositoryConfigurationDelegate : Bootstrapping Spring Data JPA repositories in DEFAULT mode.
2022-08-05 12:32:02.295  INFO 28719 --- [    Test worker] .s.d.r.c.RepositoryConfigurationDelegate : Finished Spring Data repository scanning in 1 ms. Found 0 JPA repository interfaces.
2022-08-05 12:32:02.461  INFO 28719 --- [    Test worker] o.s.b.w.embedded.tomcat.TomcatWebServer  : Tomcat initialized with port(s): 0 (http)
2022-08-05 12:32:02.462  INFO 28719 --- [    Test worker] o.apache.catalina.core.StandardService   : Starting service [Tomcat]
2022-08-05 12:32:02.462  INFO 28719 --- [    Test worker] org.apache.catalina.core.StandardEngine  : Starting Servlet engine: [Apache Tomcat/9.0.64]
2022-08-05 12:32:02.485  INFO 28719 --- [    Test worker] o.a.c.c.C.[Tomcat-1].[localhost].[/]     : Initializing Spring embedded WebApplicationContext
2022-08-05 12:32:02.485  INFO 28719 --- [    Test worker] w.s.c.ServletWebServerApplicationContext : Root WebApplicationContext: initialization completed in 306 ms
2022-08-05 12:32:02.553  INFO 28719 --- [    Test worker] com.zaxxer.hikari.HikariDataSource       : HikariPool-2 - Starting...
2022-08-05 12:32:02.555  INFO 28719 --- [    Test worker] com.zaxxer.hikari.HikariDataSource       : HikariPool-2 - Start completed.
2022-08-05 12:32:02.565  INFO 28719 --- [    Test worker] o.hibernate.jpa.internal.util.LogHelper  : HHH000204: Processing PersistenceUnitInfo [name: default]
2022-08-05 12:32:02.570  INFO 28719 --- [    Test worker] org.hibernate.dialect.Dialect            : HHH000400: Using dialect: org.hibernate.dialect.H2Dialect
2022-08-05 12:32:02.575  INFO 28719 --- [    Test worker] o.h.e.t.j.p.i.JtaPlatformInitiator       : HHH000490: Using JtaPlatform implementation: [org.hibernate.engine.transaction.jta.platform.internal.NoJtaPlatform]
2022-08-05 12:32:02.575  INFO 28719 --- [    Test worker] j.LocalContainerEntityManagerFactoryBean : Initialized JPA EntityManagerFactory for persistence unit 'default'
2022-08-05 12:32:02.610  WARN 28719 --- [    Test worker] JpaBaseConfiguration$JpaWebConfiguration : spring.jpa.open-in-view is enabled by default. Therefore, database queries may be performed during view rendering. Explicitly configure spring.jpa.open-in-view to disable this warning
2022-08-05 12:32:02.847  INFO 28719 --- [    Test worker] o.s.b.w.embedded.tomcat.TomcatWebServer  : Tomcat started on port(s): 51267 (http) with context path ''
2022-08-05 12:32:02.850  INFO 28719 --- [    Test worker] a.c.d.p.p.ProductPactProviderTest        : Started ProductPactProviderTest in 0.693 seconds (JVM running for 7.259)
2022-08-05 12:32:02.866  INFO 28719 --- [    Test worker] p.j.PactVerificationStateChangeExtension : Invoking state change method 'no products exist, product with ID 11 does not exist':SETUP

Verifying a pact between FrontendApplication (0.0.1+44c5900) and ProductService

  Notices:
    1) The pact at http://localhost:8000/pacts/provider/ProductService/consumer/FrontendApplication/pact-version/660e69c537d6e8defb256e4ca548ceeb1ec6e0a1 is being verified because the pact content belongs to the consumer version matching the following criterion:
    * latest version of FrontendApplication from the main branch 'master' (0.0.1+44c5900)

  [from Pact Broker http://localhost:8000/pacts/provider/ProductService/consumer/FrontendApplication/pact-version/660e69c537d6e8defb256e4ca548ceeb1ec6e0a1/metadata/c1tdW2N2XT05]
  Given no products exist
  get all products
2022-08-05 12:32:02.993  WARN 28719 --- [       Thread-5] au.com.dius.pact.core.support.Metrics    : 
            Please note: we are tracking events anonymously to gather important usage statistics like JVM version
            and operating system. To disable tracking, set the 'pact_do_not_track' system property or environment
            variable to 'true'.
            
2022-08-05 12:32:02.997  INFO 28719 --- [o-auto-1-exec-1] o.a.c.c.C.[Tomcat-1].[localhost].[/]     : Initializing Spring DispatcherServlet 'dispatcherServlet'
2022-08-05 12:32:02.997  INFO 28719 --- [o-auto-1-exec-1] o.s.web.servlet.DispatcherServlet        : Initializing Servlet 'dispatcherServlet'
2022-08-05 12:32:02.998  INFO 28719 --- [o-auto-1-exec-1] o.s.web.servlet.DispatcherServlet        : Completed initialization in 1 ms
    returns a response which
      has status code 200 (OK)
      has a matching body (OK)
2022-08-05 12:32:03.066  WARN 28719 --- [    Test worker] a.c.d.p.p.DefaultTestResultAccumulator   : Not all of the 6 were verified. The following were missing:
2022-08-05 12:32:03.067  WARN 28719 --- [    Test worker] a.c.d.p.p.DefaultTestResultAccumulator   :     get product by ID 10 with no auth token
2022-08-05 12:32:03.067  WARN 28719 --- [    Test worker] a.c.d.p.p.DefaultTestResultAccumulator   :     get product with ID 10
2022-08-05 12:32:03.067  WARN 28719 --- [    Test worker] a.c.d.p.p.DefaultTestResultAccumulator   :     get product with ID 11
2022-08-05 12:32:03.067  WARN 28719 --- [    Test worker] a.c.d.p.p.DefaultTestResultAccumulator   :     get all products
2022-08-05 12:32:03.067  WARN 28719 --- [    Test worker] a.c.d.p.p.DefaultTestResultAccumulator   :     get all products with no auth token
2022-08-05 12:32:03.075  INFO 28719 --- [    Test worker] p.j.PactVerificationStateChangeExtension : Invoking state change method 'product with ID 10 exists':SETUP

Verifying a pact between FrontendApplication (0.0.1+44c5900) and ProductService

  Notices:
    1) The pact at http://localhost:8000/pacts/provider/ProductService/consumer/FrontendApplication/pact-version/660e69c537d6e8defb256e4ca548ceeb1ec6e0a1 is being verified because the pact content belongs to the consumer version matching the following criterion:
    * latest version of FrontendApplication from the main branch 'master' (0.0.1+44c5900)

  [from Pact Broker http://localhost:8000/pacts/provider/ProductService/consumer/FrontendApplication/pact-version/660e69c537d6e8defb256e4ca548ceeb1ec6e0a1/metadata/c1tdW2N2XT05]
  Given product with ID 10 exists
  get product by ID 10 with no auth token
    returns a response which
      has status code 401 (OK)
      has a matching body (OK)
2022-08-05 12:32:03.149  WARN 28719 --- [    Test worker] a.c.d.p.p.DefaultTestResultAccumulator   : Not all of the 6 were verified. The following were missing:
2022-08-05 12:32:03.149  WARN 28719 --- [    Test worker] a.c.d.p.p.DefaultTestResultAccumulator   :     get product with ID 10
2022-08-05 12:32:03.149  WARN 28719 --- [    Test worker] a.c.d.p.p.DefaultTestResultAccumulator   :     get product with ID 11
2022-08-05 12:32:03.149  WARN 28719 --- [    Test worker] a.c.d.p.p.DefaultTestResultAccumulator   :     get all products
2022-08-05 12:32:03.149  WARN 28719 --- [    Test worker] a.c.d.p.p.DefaultTestResultAccumulator   :     get all products with no auth token
2022-08-05 12:32:03.153  INFO 28719 --- [    Test worker] p.j.PactVerificationStateChangeExtension : Invoking state change method 'product with ID 10 exists':SETUP

Verifying a pact between FrontendApplication (0.0.1+44c5900) and ProductService

  Notices:
    1) The pact at http://localhost:8000/pacts/provider/ProductService/consumer/FrontendApplication/pact-version/660e69c537d6e8defb256e4ca548ceeb1ec6e0a1 is being verified because the pact content belongs to the consumer version matching the following criterion:
    * latest version of FrontendApplication from the main branch 'master' (0.0.1+44c5900)

  [from Pact Broker http://localhost:8000/pacts/provider/ProductService/consumer/FrontendApplication/pact-version/660e69c537d6e8defb256e4ca548ceeb1ec6e0a1/metadata/c1tdW2N2XT05]
  Given product with ID 10 exists
  get product with ID 10
    returns a response which
      has status code 200 (OK)
      has a matching body (OK)
2022-08-05 12:32:03.182  WARN 28719 --- [    Test worker] a.c.d.p.p.DefaultTestResultAccumulator   : Not all of the 6 were verified. The following were missing:
2022-08-05 12:32:03.182  WARN 28719 --- [    Test worker] a.c.d.p.p.DefaultTestResultAccumulator   :     get product with ID 11
2022-08-05 12:32:03.182  WARN 28719 --- [    Test worker] a.c.d.p.p.DefaultTestResultAccumulator   :     get all products
2022-08-05 12:32:03.182  WARN 28719 --- [    Test worker] a.c.d.p.p.DefaultTestResultAccumulator   :     get all products with no auth token
2022-08-05 12:32:03.187  INFO 28719 --- [    Test worker] p.j.PactVerificationStateChangeExtension : Invoking state change method 'no products exist, product with ID 11 does not exist':SETUP

Verifying a pact between FrontendApplication (0.0.1+44c5900) and ProductService

  Notices:
    1) The pact at http://localhost:8000/pacts/provider/ProductService/consumer/FrontendApplication/pact-version/660e69c537d6e8defb256e4ca548ceeb1ec6e0a1 is being verified because the pact content belongs to the consumer version matching the following criterion:
    * latest version of FrontendApplication from the main branch 'master' (0.0.1+44c5900)

  [from Pact Broker http://localhost:8000/pacts/provider/ProductService/consumer/FrontendApplication/pact-version/660e69c537d6e8defb256e4ca548ceeb1ec6e0a1/metadata/c1tdW2N2XT05]
  Given product with ID 11 does not exist
  get product with ID 11
    returns a response which
      has status code 404 (OK)
      has a matching body (OK)
2022-08-05 12:32:03.194  WARN 28719 --- [    Test worker] a.c.d.p.p.DefaultTestResultAccumulator   : Not all of the 6 were verified. The following were missing:
2022-08-05 12:32:03.194  WARN 28719 --- [    Test worker] a.c.d.p.p.DefaultTestResultAccumulator   :     get all products
2022-08-05 12:32:03.194  WARN 28719 --- [    Test worker] a.c.d.p.p.DefaultTestResultAccumulator   :     get all products with no auth token
2022-08-05 12:32:03.200  INFO 28719 --- [    Test worker] p.j.PactVerificationStateChangeExtension : Invoking state change method 'products exist':SETUP

Verifying a pact between FrontendApplication (0.0.1+44c5900) and ProductService

  Notices:
    1) The pact at http://localhost:8000/pacts/provider/ProductService/consumer/FrontendApplication/pact-version/660e69c537d6e8defb256e4ca548ceeb1ec6e0a1 is being verified because the pact content belongs to the consumer version matching the following criterion:
    * latest version of FrontendApplication from the main branch 'master' (0.0.1+44c5900)

  [from Pact Broker http://localhost:8000/pacts/provider/ProductService/consumer/FrontendApplication/pact-version/660e69c537d6e8defb256e4ca548ceeb1ec6e0a1/metadata/c1tdW2N2XT05]
  Given products exist
  get all products
    returns a response which
      has status code 200 (OK)
      has a matching body (OK)
2022-08-05 12:32:03.223  WARN 28719 --- [    Test worker] a.c.d.p.p.DefaultTestResultAccumulator   : Not all of the 6 were verified. The following were missing:
2022-08-05 12:32:03.223  WARN 28719 --- [    Test worker] a.c.d.p.p.DefaultTestResultAccumulator   :     get all products with no auth token
2022-08-05 12:32:03.228  INFO 28719 --- [    Test worker] p.j.PactVerificationStateChangeExtension : Invoking state change method 'products exist':SETUP

Verifying a pact between FrontendApplication (0.0.1+44c5900) and ProductService

  Notices:
    1) The pact at http://localhost:8000/pacts/provider/ProductService/consumer/FrontendApplication/pact-version/660e69c537d6e8defb256e4ca548ceeb1ec6e0a1 is being verified because the pact content belongs to the consumer version matching the following criterion:
    * latest version of FrontendApplication from the main branch 'master' (0.0.1+44c5900)

  [from Pact Broker http://localhost:8000/pacts/provider/ProductService/consumer/FrontendApplication/pact-version/660e69c537d6e8defb256e4ca548ceeb1ec6e0a1/metadata/c1tdW2N2XT05]
  Given products exist
  get all products with no auth token
    returns a response which
      has status code 401 (OK)
      has a matching body (OK)
2022-08-05 12:32:03.240  WARN 28719 --- [    Test worker] a.c.d.p.p.DefaultTestResultAccumulator   : Skipping publishing of verification results as it has been disabled (pact.verifier.publishResults is not 'true')
]]></system-out>
  <system-err><![CDATA[]]></system-err>
</testsuite>
